[INFO] Scanning for projects...
[WARNING] 
[WARNING] Some problems were encountered while building the effective model for org.ninjaframework:ninja-core:jar:3.1.3-SNAPSHOT
[WARNING] 'parent.relativePath' of POM org.ninjaframework:ninja:3.1.3-SNAPSHOT (/Users/lusirui/Documents/research/PL/Summer/DeFlakerTest/ninja/pom.xml) points at org.ninjaframework:ninja instead of org.sonatype.oss:oss-parent, please verify your project structure @ org.ninjaframework:ninja:3.1.3-SNAPSHOT, /Users/lusirui/Documents/research/PL/Summer/DeFlakerTest/ninja/pom.xml, line 30, column 13
[WARNING] 
[WARNING] Some problems were encountered while building the effective model for org.ninjaframework:ninja-servlet:jar:3.1.3-SNAPSHOT
[WARNING] 'parent.relativePath' of POM org.ninjaframework:ninja:3.1.3-SNAPSHOT (/Users/lusirui/Documents/research/PL/Summer/DeFlakerTest/ninja/pom.xml) points at org.ninjaframework:ninja instead of org.sonatype.oss:oss-parent, please verify your project structure @ org.ninjaframework:ninja:3.1.3-SNAPSHOT, /Users/lusirui/Documents/research/PL/Summer/DeFlakerTest/ninja/pom.xml, line 30, column 13
[WARNING] 
[WARNING] Some problems were encountered while building the effective model for org.ninjaframework:ninja-standalone:jar:3.1.3-SNAPSHOT
[WARNING] 'parent.relativePath' of POM org.ninjaframework:ninja:3.1.3-SNAPSHOT (/Users/lusirui/Documents/research/PL/Summer/DeFlakerTest/ninja/pom.xml) points at org.ninjaframework:ninja instead of org.sonatype.oss:oss-parent, please verify your project structure @ org.ninjaframework:ninja:3.1.3-SNAPSHOT, /Users/lusirui/Documents/research/PL/Summer/DeFlakerTest/ninja/pom.xml, line 30, column 13
[WARNING] 
[WARNING] Some problems were encountered while building the effective model for org.ninjaframework:ninja-test-utilities:jar:3.1.3-SNAPSHOT
[WARNING] 'parent.relativePath' of POM org.ninjaframework:ninja:3.1.3-SNAPSHOT (/Users/lusirui/Documents/research/PL/Summer/DeFlakerTest/ninja/pom.xml) points at org.ninjaframework:ninja instead of org.sonatype.oss:oss-parent, please verify your project structure @ org.ninjaframework:ninja:3.1.3-SNAPSHOT, /Users/lusirui/Documents/research/PL/Summer/DeFlakerTest/ninja/pom.xml, line 30, column 13
[WARNING] 
[WARNING] Some problems were encountered while building the effective model for org.ninjaframework:ninja-servlet-integration-test:war:3.1.3-SNAPSHOT
[WARNING] 'parent.relativePath' of POM org.ninjaframework:ninja:3.1.3-SNAPSHOT (/Users/lusirui/Documents/research/PL/Summer/DeFlakerTest/ninja/pom.xml) points at org.ninjaframework:ninja instead of org.sonatype.oss:oss-parent, please verify your project structure @ org.ninjaframework:ninja:3.1.3-SNAPSHOT, /Users/lusirui/Documents/research/PL/Summer/DeFlakerTest/ninja/pom.xml, line 30, column 13
[WARNING] 
[WARNING] Some problems were encountered while building the effective model for org.ninjaframework:ninja-servlet-jpa-blog-integration-test:war:3.1.3-SNAPSHOT
[WARNING] 'parent.relativePath' of POM org.ninjaframework:ninja:3.1.3-SNAPSHOT (/Users/lusirui/Documents/research/PL/Summer/DeFlakerTest/ninja/pom.xml) points at org.ninjaframework:ninja instead of org.sonatype.oss:oss-parent, please verify your project structure @ org.ninjaframework:ninja:3.1.3-SNAPSHOT, /Users/lusirui/Documents/research/PL/Summer/DeFlakerTest/ninja/pom.xml, line 30, column 13
[WARNING] 
[WARNING] Some problems were encountered while building the effective model for org.ninjaframework:ninja-servlet-jpa-blog-archetype:maven-archetype:3.1.3-SNAPSHOT
[WARNING] 'parent.relativePath' of POM org.ninjaframework:ninja:3.1.3-SNAPSHOT (/Users/lusirui/Documents/research/PL/Summer/DeFlakerTest/ninja/pom.xml) points at org.ninjaframework:ninja instead of org.sonatype.oss:oss-parent, please verify your project structure @ org.ninjaframework:ninja:3.1.3-SNAPSHOT, /Users/lusirui/Documents/research/PL/Summer/DeFlakerTest/ninja/pom.xml, line 30, column 13
[WARNING] 
[WARNING] Some problems were encountered while building the effective model for org.ninjaframework:ninja-servlet-archetype-simple:maven-archetype:3.1.3-SNAPSHOT
[WARNING] 'parent.relativePath' of POM org.ninjaframework:ninja:3.1.3-SNAPSHOT (/Users/lusirui/Documents/research/PL/Summer/DeFlakerTest/ninja/pom.xml) points at org.ninjaframework:ninja instead of org.sonatype.oss:oss-parent, please verify your project structure @ org.ninjaframework:ninja:3.1.3-SNAPSHOT, /Users/lusirui/Documents/research/PL/Summer/DeFlakerTest/ninja/pom.xml, line 30, column 13
[WARNING] 
[WARNING] Some problems were encountered while building the effective model for org.ninjaframework:ninja-maven-plugin:maven-plugin:3.1.3-SNAPSHOT
[WARNING] 'parent.relativePath' of POM org.ninjaframework:ninja:3.1.3-SNAPSHOT (/Users/lusirui/Documents/research/PL/Summer/DeFlakerTest/ninja/pom.xml) points at org.ninjaframework:ninja instead of org.sonatype.oss:oss-parent, please verify your project structure @ org.ninjaframework:ninja:3.1.3-SNAPSHOT, /Users/lusirui/Documents/research/PL/Summer/DeFlakerTest/ninja/pom.xml, line 30, column 13
[WARNING] 
[WARNING] Some problems were encountered while building the effective model for org.ninjaframework:ninja:pom:3.1.3-SNAPSHOT
[WARNING] 'parent.relativePath' of POM org.ninjaframework:ninja:3.1.3-SNAPSHOT (/Users/lusirui/Documents/research/PL/Summer/DeFlakerTest/ninja/pom.xml) points at org.ninjaframework:ninja instead of org.sonatype.oss:oss-parent, please verify your project structure @ line 30, column 13
[WARNING] 
[WARNING] It is highly recommended to fix these problems because they threaten the stability of your build.
[WARNING] 
[WARNING] For this reason, future Maven versions might no longer support building such malformed projects.
[WARNING] 
Deflaker, version 1.4 loading...
Warning: Deflaker disabling incompatible org.apache.maven.plugins:maven-enforcer-plugin from ninja
Warning: Deflaker disabling incompatible org.apache.maven.plugins:maven-enforcer-plugin from ninja-core
Warning: Deflaker disabling incompatible org.apache.maven.plugins:maven-enforcer-plugin from ninja-servlet
Warning: Deflaker disabling incompatible org.apache.maven.plugins:maven-enforcer-plugin from ninja-standalone
Warning: Deflaker disabling incompatible org.apache.maven.plugins:maven-enforcer-plugin from ninja-test-utilities
Warning: Deflaker disabling incompatible org.apache.maven.plugins:maven-enforcer-plugin from ninja-maven-plugin
Warning: Deflaker disabling incompatible org.apache.maven.plugins:maven-enforcer-plugin from ninja-servlet-integration-test
Warning: Deflaker disabling incompatible org.apache.maven.plugins:maven-enforcer-plugin from ninja-servlet-jpa-blog-integration-test
Warning: Deflaker disabling incompatible org.apache.maven.plugins:maven-enforcer-plugin from ninja-servlet-jpa-blog-archetype
Warning: Deflaker disabling incompatible org.apache.maven.plugins:maven-enforcer-plugin from ninja-servlet-archetype-simple
[INFO] ------------------------------------------------------------------------
[INFO] Reactor Build Order:
[INFO] 
[INFO] ninja
[INFO] ninja-core
[INFO] ninja-servlet
[INFO] ninja-standalone
[INFO] ninja-test-utilities
[INFO] ninja-maven-plugin
[INFO] ninja-servlet-integration-test
[INFO] ninja-servlet-jpa-blog-integration-test
[INFO] ninja-servlet-jpa-blog-archetype
[INFO] ninja-servlet-archetype-simple
[INFO]                                                                         
[INFO] ------------------------------------------------------------------------
[INFO] Building ninja 3.1.3-SNAPSHOT
[INFO] ------------------------------------------------------------------------
[INFO]                                                                         
[INFO] ------------------------------------------------------------------------
[INFO] Building ninja-core 3.1.3-SNAPSHOT
[INFO] ------------------------------------------------------------------------
[INFO] 
[INFO] --- maven-resources-plugin:2.6:resources (default-resources) @ ninja-core ---
[INFO] Using 'UTF-8' encoding to copy filtered resources.
[INFO] Copying 145 resources
[INFO] Copying 1 resource
[INFO] 
[INFO] --- maven-compiler-plugin:3.1:compile (default-compile) @ ninja-core ---
[INFO] Changes detected - recompiling the module!
[INFO] Compiling 141 source files to /Users/lusirui/Documents/research/PL/Summer/DeFlakerTest/ninja/ninja-core/target/classes
[INFO] ------------------------------------------------------------------------
[INFO] Reactor Summary:
[INFO] 
[INFO] ninja .............................................. SUCCESS [  0.003 s]
[INFO] ninja-core ......................................... FAILURE [  2.447 s]
[INFO] ninja-servlet ...................................... SKIPPED
[INFO] ninja-standalone ................................... SKIPPED
[INFO] ninja-test-utilities ............................... SKIPPED
[INFO] ninja-maven-plugin ................................. SKIPPED
[INFO] ninja-servlet-integration-test ..................... SKIPPED
[INFO] ninja-servlet-jpa-blog-integration-test ............ SKIPPED
[INFO] ninja-servlet-jpa-blog-archetype ................... SKIPPED
[INFO] ninja-servlet-archetype-simple ..................... SKIPPED
[INFO] ------------------------------------------------------------------------
[INFO] BUILD FAILURE
[INFO] ------------------------------------------------------------------------
[INFO] Total time: 3.755 s
[INFO] Finished at: 2019-03-04T17:48:04+08:00
[INFO] Final Memory: 28M/327M
[INFO] ------------------------------------------------------------------------
[ERROR] Failed to execute goal org.apache.maven.plugins:maven-compiler-plugin:3.1:compile (default-compile) on project ninja-core: Fatal error compiling: com.sun.tools.javac.main.Main$Result cannot be cast to java.lang.Integer -> [Help 1]
[ERROR] 
[ERROR] To see the full stack trace of the errors, re-run Maven with the -e switch.
[ERROR] Re-run Maven using the -X switch to enable full debug logging.
[ERROR] 
[ERROR] For more information about the errors and possible solutions, please read the following articles:
[ERROR] [Help 1] http://cwiki.apache.org/confluence/display/MAVEN/MojoExecutionException
[ERROR] 
[ERROR] After correcting the problems, you can resume the build with the command
[ERROR]   mvn <goals> -rf :ninja-core
